#-----------------------------------------------------------
# Vivado v2019.2 (64-bit)
# SW Build 2708876 on Wed Nov  6 21:40:23 MST 2019
# IP Build 2700528 on Thu Nov  7 00:09:20 MST 2019
# Start of session at: Mon Nov 21 22:37:16 2022
# Process ID: 10760
# Current directory: E:/APS_Lab3/Processors
# Command line: vivado.exe -gui_launcher_event rodinguilauncherevent16132 E:\APS_Lab3\Processors\ultimate_processor.xpr
# Log file: E:/APS_Lab3/Processors/vivado.log
# Journal file: E:/APS_Lab3/Processors\vivado.jou
#-----------------------------------------------------------
start_gui
open_project E:/APS_Lab3/Processors/ultimate_processor.xpr
Scanning sources...
Finished scanning sources
INFO: [IP_Flow 19-234] Refreshing IP repositories
INFO: [IP_Flow 19-1704] No user IP repositories specified
INFO: [IP_Flow 19-2313] Loaded Vivado IP repository 'E:/Xilinx/Vivado/2019.2/data/ip'.
update_compile_order -fileset sources_1
exit
INFO: [Common 17-206] Exiting Vivado at Tue Nov 22 00:54:31 2022...
